Analysis & Elaboration report for counter
Tue Dec 10 15:29:16 2024
Quartus Prime Version 20.1.1 Build 720 11/11/2020 SJ Lite Edition


---------------------
; Table of Contents ;
---------------------
  1. Legal Notice
  2. Analysis & Elaboration Summary
  3. Parallel Compilation
  4. Parameter Settings for User Entity Instance: clock:instance_clock
  5. Analysis & Elaboration Settings
  6. Port Connectivity Checks: "counter:instance_counter|registry:instance_registry"
  7. Port Connectivity Checks: "counter:instance_counter|adder_4bits:instance_full_adder"
  8. Port Connectivity Checks: "counter:instance_counter|mux_2x4:instance_mux_ce"
  9. Analysis & Elaboration Messages



----------------
; Legal Notice ;
----------------
Copyright (C) 2020  Intel Corporation. All rights reserved.
Your use of Intel Corporation's design tools, logic functions 
and other software and tools, and any partner logic 
functions, and any output files from any of the foregoing 
(including device programming or simulation files), and any 
associated documentation or information are expressly subject 
to the terms and conditions of the Intel Program License 
Subscription Agreement, the Intel Quartus Prime License Agreement,
the Intel FPGA IP License Agreement, or other applicable license
agreement, including, without limitation, that your use is for
the sole purpose of programming logic devices manufactured by
Intel and sold by Intel or its authorized distributors.  Please
refer to the applicable agreement for further details, at
https://fpgasoftware.intel.com/eula.



+-----------------------------------------------------------------------------+
; Analysis & Elaboration Summary                                              ;
+-------------------------------+---------------------------------------------+
; Analysis & Elaboration Status ; Successful - Tue Dec 10 15:29:16 2024       ;
; Quartus Prime Version         ; 20.1.1 Build 720 11/11/2020 SJ Lite Edition ;
; Revision Name                 ; counter                                     ;
; Top-level Entity Name         ; binary_counter                              ;
; Family                        ; Cyclone V                                   ;
; Logic utilization (in ALMs)   ; N/A until Partition Merge                   ;
; Total registers               ; N/A until Partition Merge                   ;
; Total pins                    ; N/A until Partition Merge                   ;
; Total virtual pins            ; N/A until Partition Merge                   ;
; Total block memory bits       ; N/A until Partition Merge                   ;
; Total PLLs                    ; N/A until Partition Merge                   ;
; Total DLLs                    ; N/A until Partition Merge                   ;
+-------------------------------+---------------------------------------------+


+------------------------------------------+
; Parallel Compilation                     ;
+----------------------------+-------------+
; Processors                 ; Number      ;
+----------------------------+-------------+
; Number detected on machine ; 4           ;
; Maximum allowed            ; 2           ;
;                            ;             ;
; Average used               ; 1.00        ;
; Maximum used               ; 1           ;
;                            ;             ;
; Usage by Processor         ; % Time Used ;
;     Processor 1            ; 100.0%      ;
+----------------------------+-------------+


+-------------------------------------------------------------------+
; Parameter Settings for User Entity Instance: clock:instance_clock ;
+----------------+----------+---------------------------------------+
; Parameter Name ; Value    ; Type                                  ;
+----------------+----------+---------------------------------------+
; div            ; 50000000 ; Signed Integer                        ;
+----------------+----------+---------------------------------------+
Note: In order to hide this table in the UI and the text report file, please set the "Show Parameter Settings in Synthesis Report" option in "Analysis and Synthesis Settings -> More Settings" to "Off".


+---------------------------------------------------------------------------------------------------------------------------+
; Analysis & Elaboration Settings                                                                                           ;
+---------------------------------------------------------------------------------+--------------------+--------------------+
; Option                                                                          ; Setting            ; Default Value      ;
+---------------------------------------------------------------------------------+--------------------+--------------------+
; Device                                                                          ; 5CGXFC7C7F23C8     ;                    ;
; Top-level entity name                                                           ; binary_counter     ; counter            ;
; Family name                                                                     ; Cyclone V          ; Cyclone V          ;
; Use smart compilation                                                           ; Off                ; Off                ;
; Enable parallel Assembler and Timing Analyzer during compilation                ; On                 ; On                 ;
; Enable compact report table                                                     ; Off                ; Off                ;
; Restructure Multiplexers                                                        ; Auto               ; Auto               ;
; MLAB Add Timing Constraints For Mixed-Port Feed-Through Mode Setting Don't Care ; Off                ; Off                ;
; Create Debugging Nodes for IP Cores                                             ; Off                ; Off                ;
; Preserve fewer node names                                                       ; On                 ; On                 ;
; Intel FPGA IP Evaluation Mode                                                   ; Enable             ; Enable             ;
; Verilog Version                                                                 ; Verilog_2001       ; Verilog_2001       ;
; VHDL Version                                                                    ; VHDL_1993          ; VHDL_1993          ;
; State Machine Processing                                                        ; Auto               ; Auto               ;
; Safe State Machine                                                              ; Off                ; Off                ;
; Extract Verilog State Machines                                                  ; On                 ; On                 ;
; Extract VHDL State Machines                                                     ; On                 ; On                 ;
; Ignore Verilog initial constructs                                               ; Off                ; Off                ;
; Iteration limit for constant Verilog loops                                      ; 5000               ; 5000               ;
; Iteration limit for non-constant Verilog loops                                  ; 250                ; 250                ;
; Add Pass-Through Logic to Inferred RAMs                                         ; On                 ; On                 ;
; Infer RAMs from Raw Logic                                                       ; On                 ; On                 ;
; Parallel Synthesis                                                              ; On                 ; On                 ;
; DSP Block Balancing                                                             ; Auto               ; Auto               ;
; NOT Gate Push-Back                                                              ; On                 ; On                 ;
; Power-Up Don't Care                                                             ; On                 ; On                 ;
; Remove Redundant Logic Cells                                                    ; Off                ; Off                ;
; Remove Duplicate Registers                                                      ; On                 ; On                 ;
; Ignore CARRY Buffers                                                            ; Off                ; Off                ;
; Ignore CASCADE Buffers                                                          ; Off                ; Off                ;
; Ignore GLOBAL Buffers                                                           ; Off                ; Off                ;
; Ignore ROW GLOBAL Buffers                                                       ; Off                ; Off                ;
; Ignore LCELL Buffers                                                            ; Off                ; Off                ;
; Ignore SOFT Buffers                                                             ; On                 ; On                 ;
; Limit AHDL Integers to 32 Bits                                                  ; Off                ; Off                ;
; Optimization Technique                                                          ; Balanced           ; Balanced           ;
; Carry Chain Length                                                              ; 70                 ; 70                 ;
; Auto Carry Chains                                                               ; On                 ; On                 ;
; Auto Open-Drain Pins                                                            ; On                 ; On                 ;
; Perform WYSIWYG Primitive Resynthesis                                           ; Off                ; Off                ;
; Auto ROM Replacement                                                            ; On                 ; On                 ;
; Auto RAM Replacement                                                            ; On                 ; On                 ;
; Auto DSP Block Replacement                                                      ; On                 ; On                 ;
; Auto Shift Register Replacement                                                 ; Auto               ; Auto               ;
; Allow Shift Register Merging across Hierarchies                                 ; Auto               ; Auto               ;
; Auto Clock Enable Replacement                                                   ; On                 ; On                 ;
; Strict RAM Replacement                                                          ; Off                ; Off                ;
; Allow Synchronous Control Signals                                               ; On                 ; On                 ;
; Force Use of Synchronous Clear Signals                                          ; Off                ; Off                ;
; Auto Resource Sharing                                                           ; Off                ; Off                ;
; Allow Any RAM Size For Recognition                                              ; Off                ; Off                ;
; Allow Any ROM Size For Recognition                                              ; Off                ; Off                ;
; Allow Any Shift Register Size For Recognition                                   ; Off                ; Off                ;
; Use LogicLock Constraints during Resource Balancing                             ; On                 ; On                 ;
; Ignore translate_off and synthesis_off directives                               ; Off                ; Off                ;
; Timing-Driven Synthesis                                                         ; On                 ; On                 ;
; Report Parameter Settings                                                       ; On                 ; On                 ;
; Report Source Assignments                                                       ; On                 ; On                 ;
; Report Connectivity Checks                                                      ; On                 ; On                 ;
; Ignore Maximum Fan-Out Assignments                                              ; Off                ; Off                ;
; Synchronization Register Chain Length                                           ; 3                  ; 3                  ;
; Power Optimization During Synthesis                                             ; Normal compilation ; Normal compilation ;
; HDL message level                                                               ; Level2             ; Level2             ;
; Suppress Register Optimization Related Messages                                 ; Off                ; Off                ;
; Number of Removed Registers Reported in Synthesis Report                        ; 5000               ; 5000               ;
; Number of Swept Nodes Reported in Synthesis Report                              ; 5000               ; 5000               ;
; Number of Inverted Registers Reported in Synthesis Report                       ; 100                ; 100                ;
; Clock MUX Protection                                                            ; On                 ; On                 ;
; Auto Gated Clock Conversion                                                     ; Off                ; Off                ;
; Block Design Naming                                                             ; Auto               ; Auto               ;
; SDC constraint protection                                                       ; Off                ; Off                ;
; Synthesis Effort                                                                ; Auto               ; Auto               ;
; Shift Register Replacement - Allow Asynchronous Clear Signal                    ; On                 ; On                 ;
; Pre-Mapping Resynthesis Optimization                                            ; Off                ; Off                ;
; Analysis & Synthesis Message Level                                              ; Medium             ; Medium             ;
; Disable Register Merging Across Hierarchies                                     ; Auto               ; Auto               ;
; Resource Aware Inference For Block RAM                                          ; On                 ; On                 ;
; Automatic Parallel Synthesis                                                    ; On                 ; On                 ;
; Partial Reconfiguration Bitstream ID                                            ; Off                ; Off                ;
+---------------------------------------------------------------------------------+--------------------+--------------------+


+---------------------------------------------------------------------------------+
; Port Connectivity Checks: "counter:instance_counter|registry:instance_registry" ;
+-------+-------+----------+------------------------------------------------------+
; Port  ; Type  ; Severity ; Details                                              ;
+-------+-------+----------+------------------------------------------------------+
; reset ; Input ; Info     ; Stuck at GND                                         ;
; set   ; Input ; Info     ; Stuck at GND                                         ;
; en    ; Input ; Info     ; Stuck at VCC                                         ;
+-------+-------+----------+------------------------------------------------------+


+---------------------------------------------------------------------------------------------------------------------+
; Port Connectivity Checks: "counter:instance_counter|adder_4bits:instance_full_adder"                                ;
+-----------+--------+----------+-------------------------------------------------------------------------------------+
; Port      ; Type   ; Severity ; Details                                                                             ;
+-----------+--------+----------+-------------------------------------------------------------------------------------+
; carry_in  ; Input  ; Info     ; Stuck at GND                                                                        ;
; carry_out ; Output ; Info     ; Connected to dangling logic. Logic that only feeds a dangling port will be removed. ;
+-----------+--------+----------+-------------------------------------------------------------------------------------+


+------------------------------------------------------------------------------+
; Port Connectivity Checks: "counter:instance_counter|mux_2x4:instance_mux_ce" ;
+------+-------+----------+----------------------------------------------------+
; Port ; Type  ; Severity ; Details                                            ;
+------+-------+----------+----------------------------------------------------+
; a    ; Input ; Info     ; Stuck at GND                                       ;
; b    ; Input ; Info     ; Stuck at VCC                                       ;
+------+-------+----------+----------------------------------------------------+


+---------------------------------+
; Analysis & Elaboration Messages ;
+---------------------------------+
Info: *******************************************************************
Info: Running Quartus Prime Analysis & Elaboration
    Info: Version 20.1.1 Build 720 11/11/2020 SJ Lite Edition
    Info: Processing started: Tue Dec 10 15:29:03 2024
Info: Command: quartus_map --read_settings_files=on --write_settings_files=off counter -c counter --analysis_and_elaboration
Warning (18236): Number of processors has not been specified which may cause overloading on shared machines.  Set the global assignment NUM_PARALLEL_PROCESSORS in your QSF to an appropriate value for best performance.
Info (20030): Parallel compilation is enabled and will use 2 of the 2 processors detected
Info (12021): Found 2 design units, including 1 entities, in source file half_adder.vhd
    Info (12022): Found design unit 1: half_adder-structural File: C:/dev/Quartus/SEM1.LSD.LABD.BINARY-COUNTER/half_adder.vhd Line: 19
    Info (12023): Found entity 1: half_adder File: C:/dev/Quartus/SEM1.LSD.LABD.BINARY-COUNTER/half_adder.vhd Line: 6
Info (12021): Found 2 design units, including 1 entities, in source file full_adder.vhd
    Info (12022): Found design unit 1: full_adder-behavioral File: C:/dev/Quartus/SEM1.LSD.LABD.BINARY-COUNTER/full_adder.vhd Line: 21
    Info (12023): Found entity 1: full_adder File: C:/dev/Quartus/SEM1.LSD.LABD.BINARY-COUNTER/full_adder.vhd Line: 6
Info (12021): Found 2 design units, including 1 entities, in source file adder_4bits.vhd
    Info (12022): Found design unit 1: adder_4bits-behavioral File: C:/dev/Quartus/SEM1.LSD.LABD.BINARY-COUNTER/adder_4bits.vhd Line: 21
    Info (12023): Found entity 1: adder_4bits File: C:/dev/Quartus/SEM1.LSD.LABD.BINARY-COUNTER/adder_4bits.vhd Line: 6
Info (12021): Found 2 design units, including 1 entities, in source file mux2x4.vhd
    Info (12022): Found design unit 1: mux_2x4-structural File: C:/dev/Quartus/SEM1.LSD.LABD.BINARY-COUNTER/MUX2x4.vhd Line: 21
    Info (12023): Found entity 1: mux_2x4 File: C:/dev/Quartus/SEM1.LSD.LABD.BINARY-COUNTER/MUX2x4.vhd Line: 6
Info (12021): Found 2 design units, including 1 entities, in source file registry.vhd
    Info (12022): Found design unit 1: registry-behavioral File: C:/dev/Quartus/SEM1.LSD.LABD.BINARY-COUNTER/registry.vhd Line: 19
    Info (12023): Found entity 1: registry File: C:/dev/Quartus/SEM1.LSD.LABD.BINARY-COUNTER/registry.vhd Line: 5
Info (12021): Found 2 design units, including 1 entities, in source file hex_decoder.vhd
    Info (12022): Found design unit 1: hex_decoder-logicfunction File: C:/dev/Quartus/SEM1.LSD.LABD.BINARY-COUNTER/hex_decoder.vhd Line: 16
    Info (12023): Found entity 1: hex_decoder File: C:/dev/Quartus/SEM1.LSD.LABD.BINARY-COUNTER/hex_decoder.vhd Line: 5
Info (12021): Found 2 design units, including 1 entities, in source file flip_flop_d.vhd
    Info (12022): Found design unit 1: flip_flop_d-logicfunction File: C:/dev/Quartus/SEM1.LSD.LABD.BINARY-COUNTER/flip_flop_d.vhd Line: 19
    Info (12023): Found entity 1: flip_flop_d File: C:/dev/Quartus/SEM1.LSD.LABD.BINARY-COUNTER/flip_flop_d.vhd Line: 5
Info (12021): Found 2 design units, including 1 entities, in source file decoder7segment.vhd
    Info (12022): Found design unit 1: decoder7segment-logicfunction File: C:/dev/Quartus/SEM1.LSD.LABD.BINARY-COUNTER/decoder7segment.vhd Line: 15
    Info (12023): Found entity 1: decoder7segment File: C:/dev/Quartus/SEM1.LSD.LABD.BINARY-COUNTER/decoder7segment.vhd Line: 5
Info (12021): Found 2 design units, including 1 entities, in source file counter.vhd
    Info (12022): Found design unit 1: counter-behavioral File: C:/dev/Quartus/SEM1.LSD.LABD.BINARY-COUNTER/counter.vhd Line: 21
    Info (12023): Found entity 1: counter File: C:/dev/Quartus/SEM1.LSD.LABD.BINARY-COUNTER/counter.vhd Line: 5
Info (12021): Found 2 design units, including 1 entities, in source file clock.vhd
    Info (12022): Found design unit 1: clock-bhv File: C:/dev/Quartus/SEM1.LSD.LABD.BINARY-COUNTER/clock.vhd Line: 20
    Info (12023): Found entity 1: clock File: C:/dev/Quartus/SEM1.LSD.LABD.BINARY-COUNTER/clock.vhd Line: 6
Info (12021): Found 2 design units, including 1 entities, in source file binary_counter.vhd
    Info (12022): Found design unit 1: binary_counter-behavioral File: C:/dev/Quartus/SEM1.LSD.LABD.BINARY-COUNTER/binary_counter.vhd Line: 26
    Info (12023): Found entity 1: binary_counter File: C:/dev/Quartus/SEM1.LSD.LABD.BINARY-COUNTER/binary_counter.vhd Line: 7
Info (12127): Elaborating entity "binary_counter" for the top level hierarchy
Info (12128): Elaborating entity "clock" for hierarchy "clock:instance_clock" File: C:/dev/Quartus/SEM1.LSD.LABD.BINARY-COUNTER/binary_counter.vhd Line: 77
Info (12128): Elaborating entity "counter" for hierarchy "counter:instance_counter" File: C:/dev/Quartus/SEM1.LSD.LABD.BINARY-COUNTER/binary_counter.vhd Line: 86
Info (12128): Elaborating entity "mux_2x4" for hierarchy "counter:instance_counter|mux_2x4:instance_mux_ce" File: C:/dev/Quartus/SEM1.LSD.LABD.BINARY-COUNTER/counter.vhd Line: 65
Info (12128): Elaborating entity "adder_4bits" for hierarchy "counter:instance_counter|adder_4bits:instance_full_adder" File: C:/dev/Quartus/SEM1.LSD.LABD.BINARY-COUNTER/counter.vhd Line: 74
Info (12128): Elaborating entity "full_adder" for hierarchy "counter:instance_counter|adder_4bits:instance_full_adder|full_adder:instance_full_adder_1" File: C:/dev/Quartus/SEM1.LSD.LABD.BINARY-COUNTER/adder_4bits.vhd Line: 53
Info (12128): Elaborating entity "half_adder" for hierarchy "counter:instance_counter|adder_4bits:instance_full_adder|full_adder:instance_full_adder_1|half_adder:instance_half_adder_1" File: C:/dev/Quartus/SEM1.LSD.LABD.BINARY-COUNTER/full_adder.vhd Line: 48
Info (12128): Elaborating entity "registry" for hierarchy "counter:instance_counter|registry:instance_registry" File: C:/dev/Quartus/SEM1.LSD.LABD.BINARY-COUNTER/counter.vhd Line: 92
Info (12128): Elaborating entity "flip_flop_d" for hierarchy "counter:instance_counter|registry:instance_registry|flip_flop_d:ffd1" File: C:/dev/Quartus/SEM1.LSD.LABD.BINARY-COUNTER/registry.vhd Line: 36
Info (12128): Elaborating entity "decoder7segment" for hierarchy "decoder7segment:instance_decoder7segment" File: C:/dev/Quartus/SEM1.LSD.LABD.BINARY-COUNTER/binary_counter.vhd Line: 100
Info: Quartus Prime Analysis & Elaboration was successful. 0 errors, 1 warning
    Info: Peak virtual memory: 4847 megabytes
    Info: Processing ended: Tue Dec 10 15:29:16 2024
    Info: Elapsed time: 00:00:13
    Info: Total CPU time (on all processors): 00:00:19


